<?xml version="1.0" encoding="UTF-8"?>
<testsuites>
  <testsuite name="Projects_display_test" file="/var/www/html/prod/tasks/tests/controllers/Projects_display_test.php" tests="1" assertions="0" errors="1" warnings="0" failures="0" skipped="0" time="0.058749">
    <testcase name="test_projmock" class="Projects_display_test" classname="Projects_display_test" file="/var/www/html/prod/tasks/tests/controllers/Projects_display_test.php" line="7" assertions="0" time="0.058749">
      <error type="Error">Projects_display_test::test_projmock
Error: Call to a member function helper() on null

/var/www/html/prod/system/libraries/Form_validation.php:147
/var/www/html/prod/tasks/tests/_ci_phpunit_test/replacing/core/Common.php:111
/var/www/html/prod/system/core/Controller.php:75
/var/www/html/prod/tasks/controllers/Projects.php:8
/var/www/html/prod/tasks/tests/controllers/Projects_display_test.php:20</error>
      <system-out>
A PHP Error was encountered

Severity:    Notice
Message:     Undefined property: Projects::$load
Filename:    /var/www/html/prod/system/libraries/Form_validation.php
Line Number: 147

Backtrace:
	File: /var/www/html/prod/tasks/tests/_ci_phpunit_test/replacing/core/Common.php
	Line: 111
	Function: __construct

	File: /var/www/html/prod/tasks/controllers/Projects.php
	Line: 8
	Function: __construct

	File: /var/www/html/prod/tasks/tests/controllers/Projects_display_test.php
	Line: 20
	Function: __construct

	File: /var/www/html/phpunit/ci/tasks/tests/vendor/phpunit/phpunit/src/Framework/TestCase.php
	Line: 1526
	Function: test_projmock

	File: /var/www/html/phpunit/ci/tasks/tests/vendor/phpunit/phpunit/src/Framework/TestCase.php
	Line: 1132
	Function: runTest

	File: /var/www/html/phpunit/ci/tasks/tests/vendor/phpunit/phpunit/src/Framework/TestResult.php
	Line: 722
	Function: runBare

	File: /var/www/html/phpunit/ci/tasks/tests/vendor/phpunit/phpunit/src/Framework/TestCase.php
	Line: 884
	Function: run

	File: /var/www/html/phpunit/ci/tasks/tests/vendor/phpunit/phpunit/src/Framework/TestSuite.php
	Line: 677
	Function: run

	File: /var/www/html/phpunit/ci/tasks/tests/vendor/phpunit/phpunit/src/TextUI/TestRunner.php
	Line: 667
	Function: run

	File: /var/www/html/phpunit/ci/tasks/tests/vendor/phpunit/phpunit/src/TextUI/Command.php
	Line: 142
	Function: run

	File: /var/www/html/phpunit/ci/tasks/tests/vendor/phpunit/phpunit/src/TextUI/Command.php
	Line: 95
	Function: run

	File: /var/www/html/phpunit/ci/tasks/tests/vendor/phpunit/phpunit/phpunit
	Line: 61
	Function: main


</system-out>
    </testcase>
  </testsuite>
</testsuites>
